<?xml version="1.0" encoding="UTF-8"?>
<testsuite xmlns:xsi="http://www.w3.org/2001/XMLSchema-instance" xsi:noNamespaceSchemaLocation="https://maven.apache.org/surefire/maven-surefire-plugin/xsd/surefire-test-report-3.0.xsd" version="3.0" name="tdv.TeclasUnidos.testing.SocioTest" time="0.049" tests="4" errors="0" skipped="0" failures="0">
  <properties>
    <property name="java.specification.version" value="21"/>
    <property name="sun.cpu.isalist" value="amd64"/>
    <property name="sun.jnu.encoding" value="Cp1252"/>
    <property name="java.class.path" value="C:\Users\Enzo\Desktop\T&amp;V\TeclasUnidos-main\target\test-classes;C:\Users\Enzo\Desktop\T&amp;V\TeclasUnidos-main\target\classes;C:\Users\Enzo\.m2\repository\junit\junit\4.13.2\junit-4.13.2.jar;C:\Users\Enzo\.m2\repository\org\hamcrest\hamcrest-core\1.3\hamcrest-core-1.3.jar;C:\Users\Enzo\.m2\repository\org\hamcrest\hamcrest\2.2\hamcrest-2.2.jar;"/>
    <property name="java.vm.vendor" value="Oracle Corporation"/>
    <property name="sun.arch.data.model" value="64"/>
    <property name="user.variant" value=""/>
    <property name="java.vendor.url" value="https://java.oracle.com/"/>
    <property name="user.timezone" value="America/Buenos_Aires"/>
    <property name="os.name" value="Windows 10"/>
    <property name="java.vm.specification.version" value="21"/>
    <property name="sun.java.launcher" value="SUN_STANDARD"/>
    <property name="user.country" value="AR"/>
    <property name="sun.boot.library.path" value="C:\Program Files\Java\jdk-21\bin"/>
    <property name="sun.java.command" value="C:\Users\Enzo\AppData\Local\Temp\surefire9837814175081451992\surefirebooter-20251023121300370_3.jar C:\Users\Enzo\AppData\Local\Temp\surefire9837814175081451992 2025-10-23T12-13-00_264-jvmRun1 surefire-20251023121300370_1tmp surefire_0-20251023121300370_2tmp"/>
    <property name="jdk.debug" value="release"/>
    <property name="surefire.test.class.path" value="C:\Users\Enzo\Desktop\T&amp;V\TeclasUnidos-main\target\test-classes;C:\Users\Enzo\Desktop\T&amp;V\TeclasUnidos-main\target\classes;C:\Users\Enzo\.m2\repository\junit\junit\4.13.2\junit-4.13.2.jar;C:\Users\Enzo\.m2\repository\org\hamcrest\hamcrest-core\1.3\hamcrest-core-1.3.jar;C:\Users\Enzo\.m2\repository\org\hamcrest\hamcrest\2.2\hamcrest-2.2.jar;"/>
    <property name="sun.cpu.endian" value="little"/>
    <property name="user.home" value="C:\Users\Enzo"/>
    <property name="user.language" value="es"/>
    <property name="java.specification.vendor" value="Oracle Corporation"/>
    <property name="java.version.date" value="2025-07-15"/>
    <property name="java.home" value="C:\Program Files\Java\jdk-21"/>
    <property name="file.separator" value="\"/>
    <property name="basedir" value="C:\Users\Enzo\Desktop\T&amp;V\TeclasUnidos-main"/>
    <property name="java.vm.compressedOopsMode" value="Zero based"/>
    <property name="line.separator" value="&#10;"/>
    <property name="java.vm.specification.vendor" value="Oracle Corporation"/>
    <property name="java.specification.name" value="Java Platform API Specification"/>
    <property name="surefire.real.class.path" value="C:\Users\Enzo\AppData\Local\Temp\surefire9837814175081451992\surefirebooter-20251023121300370_3.jar"/>
    <property name="user.script" value=""/>
    <property name="sun.management.compiler" value="HotSpot 64-Bit Tiered Compilers"/>
    <property name="java.runtime.version" value="21.0.8+12-LTS-250"/>
    <property name="user.name" value="Enzo"/>
    <property name="stdout.encoding" value="Cp1252"/>
    <property name="path.separator" value=";"/>
    <property name="os.version" value="10.0"/>
    <property name="java.runtime.name" value="Java(TM) SE Runtime Environment"/>
    <property name="file.encoding" value="UTF-8"/>
    <property name="java.vm.name" value="Java HotSpot(TM) 64-Bit Server VM"/>
    <property name="localRepository" value="C:\Users\Enzo\.m2\repository"/>
    <property name="java.vendor.url.bug" value="https://bugreport.java.com/bugreport/"/>
    <property name="java.io.tmpdir" value="C:\Users\Enzo\AppData\Local\Temp\"/>
    <property name="java.version" value="21.0.8"/>
    <property name="user.dir" value="C:\Users\Enzo\Desktop\T&amp;V\TeclasUnidos-main"/>
    <property name="os.arch" value="amd64"/>
    <property name="java.vm.specification.name" value="Java Virtual Machine Specification"/>
    <property name="sun.os.patch.level" value=""/>
    <property name="native.encoding" value="Cp1252"/>
    <property name="java.library.path" value="C:\Program Files\Java\jdk-21\bin;C:\Windows\Sun\Java\bin;C:\Windows\system32;C:\Windows;C:\Users\Enzo\bin;C:\Program Files\Git\mingw64\bin;C:\Program Files\Git\usr\local\bin;C:\Program Files\Git\usr\bin;C:\Program Files\Git\usr\bin;C:\Program Files\Git\mingw64\bin;C:\Program Files\Git\usr\bin;C:\Users\Enzo\bin;C:\Program Files\Common Files\Oracle\Java\javapath;C:\Program Files (x86)\NVIDIA Corporation\PhysX\Common;C:\ProgramData\Oracle\Java\javapath;C:\Windows\system32;C:\Windows;C:\Windows\System32\Wbem;C:\Windows\System32\WindowsPowerShell\v1.0;C:\Windows\System32\OpenSSH;C:\Program Files\nodejs;C:\xampp\php;C:\composer;C:\Program Files\Git\cmd;%MAVEN_HOME%\bin;C:\Program Files (x86)\Apache\Maven\apache-maven-3.9.11\bin;%JAVA_HOME%\bin;C:\Users\Enzo\AppData\Local\Microsoft\WindowsApps;C:\Users\Enzo\AppData\Local\Programs\Microsoft VS Code\bin;C:\Users\Enzo\AppData\Roaming\npm;C:\Users\Enzo\AppData\Local\JetBrains\Toolbox\scripts;C:\Users\Enzo\AppData\Roaming\Composer\vendor\bin;C:\Users\Enzo\AppData\Roaming\Code\User\globalStorage\github.copilot-chat\debugCommand;C:\Program Files\Git\usr\bin\vendor_perl;C:\Program Files\Git\usr\bin\core_perl;."/>
    <property name="java.vm.info" value="mixed mode, sharing"/>
    <property name="stderr.encoding" value="Cp1252"/>
    <property name="java.vendor" value="Oracle Corporation"/>
    <property name="java.vm.version" value="21.0.8+12-LTS-250"/>
    <property name="sun.io.unicode.encoding" value="UnicodeLittle"/>
    <property name="java.class.version" value="65.0"/>
  </properties>
  <testcase name="edadNegativa_debeLanzarEdadInvalidaException" classname="tdv.TeclasUnidos.testing.SocioTest" time="0.005"/>
  <testcase name="abmBasico_debePermitirAltaBajaModificacionYBusqueda" classname="tdv.TeclasUnidos.testing.SocioTest" time="0.0"/>
  <testcase name="nombreMuyLargo_debeLanzarNombreMuyLargoException" classname="tdv.TeclasUnidos.testing.SocioTest" time="0.0"/>
  <testcase name="constructorValido_noDebeLanzarExcepcion_yGettersDevuelvenValores" classname="tdv.TeclasUnidos.testing.SocioTest" time="0.0"/>
</testsuite>